[2022-11-25T11:36:00.619] [DEBUG] cheese - login => username:zs,password:123456
[2022-11-25T11:36:00.620] [DEBUG] cheese - zs
[2022-11-25T11:36:00.641] [DEBUG] cheese - null
[2022-11-25T11:36:00.641] [DEBUG] cheese - null
[2022-11-25T11:36:31.585] [DEBUG] cheese - login => username:admin,password:123456
[2022-11-25T11:36:31.585] [DEBUG] cheese - admin
[2022-11-25T11:36:31.588] [DEBUG] cheese - null
[2022-11-25T11:36:31.588] [DEBUG] cheese - null
[2022-11-25T15:44:43.673] [DEBUG] cheese - login => username:admin,password:123456
[2022-11-25T15:44:43.673] [DEBUG] cheese - admin
[2022-11-25T15:44:43.675] [DEBUG] cheese - null
[2022-11-25T15:44:43.675] [DEBUG] cheese - null
[2022-11-25T15:49:23.068] [DEBUG] cheese - login => username:admin,password:123456
[2022-11-25T15:49:23.068] [DEBUG] cheese - admin
[2022-11-25T15:49:23.069] [DEBUG] cheese - null
[2022-11-25T15:49:23.069] [DEBUG] cheese - null
[2022-11-25T16:18:13.236] [DEBUG] cheese - login => username:admin,password:12345
[2022-11-25T16:18:13.236] [DEBUG] cheese - admin
[2022-11-25T16:18:13.237] [DEBUG] cheese - null
[2022-11-25T16:18:13.238] [DEBUG] cheese - null
[2022-11-25T16:18:44.712] [DEBUG] cheese - login => username:admin,password:11111
[2022-11-25T16:18:44.712] [DEBUG] cheese - admin
[2022-11-25T16:18:44.713] [DEBUG] cheese - null
[2022-11-25T16:18:44.713] [DEBUG] cheese - null
[2022-11-25T16:19:51.928] [DEBUG] cheese - login => username:admin,password:123456
[2022-11-25T16:19:51.928] [DEBUG] cheese - admin
[2022-11-25T16:19:51.929] [DEBUG] cheese - null
[2022-11-25T16:19:51.929] [DEBUG] cheese - null
[2022-11-25T16:28:27.277] [DEBUG] cheese - login => username:admin,password:123456
[2022-11-25T16:28:27.277] [DEBUG] cheese - admin
[2022-11-25T16:28:27.279] [DEBUG] cheese - null
[2022-11-25T16:28:27.279] [DEBUG] cheese - null
[2022-11-25T16:31:05.680] [DEBUG] cheese - login => username:admin,password:123456
[2022-11-25T16:31:05.680] [DEBUG] cheese - admin
[2022-11-25T16:31:05.681] [DEBUG] cheese - null
[2022-11-25T16:31:05.682] [DEBUG] cheese - null
[2022-11-25T16:31:25.255] [DEBUG] cheese - login => username:admin,password:123456
[2022-11-25T16:31:25.255] [DEBUG] cheese - admin
[2022-11-25T16:31:25.256] [DEBUG] cheese - null
[2022-11-25T16:31:25.256] [DEBUG] cheese - null
[2022-11-25T16:31:50.796] [DEBUG] cheese - login => username:admin,password:123456
[2022-11-25T16:31:50.796] [DEBUG] cheese - admin
[2022-11-25T16:31:50.797] [DEBUG] cheese - null
[2022-11-25T16:31:50.797] [DEBUG] cheese - null
[2022-11-25T16:35:16.881] [DEBUG] cheese - login => username:admin,password:123456
[2022-11-25T16:35:16.881] [DEBUG] cheese - admin
[2022-11-25T16:35:16.883] [DEBUG] cheese - null
[2022-11-25T16:35:16.883] [DEBUG] cheese - null
[2022-11-25T17:21:50.119] [DEBUG] cheese - login => username:admin,password:123456
[2022-11-25T17:21:50.119] [DEBUG] cheese - admin
[2022-11-25T17:21:50.121] [DEBUG] cheese - null
[2022-11-25T17:21:50.121] [DEBUG] cheese - null
[2022-11-25T17:50:16.072] [DEBUG] cheese - login => username:admin,password:123456
[2022-11-25T17:50:16.072] [DEBUG] cheese - admin
[2022-11-25T17:50:16.073] [DEBUG] cheese - null
[2022-11-25T17:50:16.073] [DEBUG] cheese - null
[2022-11-25T17:53:30.002] [DEBUG] cheese - login => username:admin,password:123456
[2022-11-25T17:53:30.002] [DEBUG] cheese - admin
[2022-11-25T17:53:30.003] [DEBUG] cheese - null
[2022-11-25T17:53:30.004] [DEBUG] cheese - null
[2022-11-26T10:39:21.157] [DEBUG] cheese - login => username:admin,password:123456
[2022-11-26T10:39:21.157] [DEBUG] cheese - admin
[2022-11-26T10:39:21.201] [DEBUG] cheese - null
[2022-11-26T10:39:21.202] [DEBUG] cheese - null
[2022-11-26T10:52:45.528] [DEBUG] cheese - login => username:admin,password:123456
[2022-11-26T10:52:45.528] [DEBUG] cheese - admin
[2022-11-26T10:52:45.530] [DEBUG] cheese - null
[2022-11-26T10:52:45.530] [DEBUG] cheese - null
[2022-11-26T10:55:05.387] [DEBUG] cheese - login => username:admin,password:123456
[2022-11-26T10:55:05.387] [DEBUG] cheese - admin
[2022-11-26T10:55:05.389] [DEBUG] cheese - null
[2022-11-26T10:55:05.389] [DEBUG] cheese - null
[2022-11-26T11:00:37.247] [DEBUG] cheese - login => username:admin,password:123456
[2022-11-26T11:00:37.247] [DEBUG] cheese - admin
[2022-11-26T11:00:37.249] [DEBUG] cheese - null
[2022-11-26T11:00:37.249] [DEBUG] cheese - null
[2022-11-26T11:03:36.672] [DEBUG] cheese - login => username:admin,password:123456
[2022-11-26T11:03:36.672] [DEBUG] cheese - admin
[2022-11-26T11:03:36.674] [DEBUG] cheese - null
[2022-11-26T11:03:36.674] [DEBUG] cheese - null
[2022-11-26T11:04:01.554] [DEBUG] cheese - login => username:admin,password:123456
[2022-11-26T11:04:01.554] [DEBUG] cheese - admin
[2022-11-26T11:04:01.555] [DEBUG] cheese - null
[2022-11-26T11:04:01.555] [DEBUG] cheese - null
[2022-11-26T11:13:38.052] [DEBUG] cheese - login => username:admin,password:123456
[2022-11-26T11:13:38.053] [DEBUG] cheese - admin
[2022-11-26T11:13:38.054] [DEBUG] cheese - null
[2022-11-26T11:13:38.054] [DEBUG] cheese - null
[2022-11-26T12:04:49.081] [DEBUG] cheese - login => username:admin,password:123456
[2022-11-26T12:04:49.081] [DEBUG] cheese - admin
[2022-11-26T12:04:49.082] [DEBUG] cheese - null
[2022-11-26T12:04:49.082] [DEBUG] cheese - null
[2022-11-26T23:45:08.853] [DEBUG] cheese - login => username:admin,password:123456
[2022-11-26T23:45:08.854] [DEBUG] cheese - admin
[2022-11-26T23:45:08.884] [DEBUG] cheese - null
[2022-11-26T23:45:08.884] [DEBUG] cheese - null
[2022-11-26T23:55:22.154] [DEBUG] cheese - login => username:admin,password:123456
[2022-11-26T23:55:22.154] [DEBUG] cheese - admin
[2022-11-26T23:55:22.156] [DEBUG] cheese - null
[2022-11-26T23:55:22.156] [DEBUG] cheese - null
[2022-11-27T00:22:58.322] [DEBUG] cheese - login => username:admin,password:123456
[2022-11-27T00:22:58.323] [DEBUG] cheese - admin
[2022-11-27T00:22:58.324] [DEBUG] cheese - null
[2022-11-27T00:22:58.324] [DEBUG] cheese - null
[2022-11-27T00:24:32.173] [DEBUG] cheese - login => username:admin,password:123456
[2022-11-27T00:24:32.174] [DEBUG] cheese - admin
[2022-11-27T00:24:32.175] [DEBUG] cheese - null
[2022-11-27T00:24:32.175] [DEBUG] cheese - null
[2022-11-28T12:42:35.888] [DEBUG] cheese - login => username:admin,password:123456
[2022-11-28T12:42:35.891] [DEBUG] cheese - admin
[2022-11-28T12:42:35.910] [DEBUG] cheese - null
[2022-11-28T12:42:35.911] [DEBUG] cheese - null
